<?xml version="1.0" encoding="UTF-8"?>
<!-- Generated by org.testng.reporters.JUnitReportReporter -->
<testsuite hostname="DESKTOP-7ISO0QF" failures="0" tests="1" name="com.herokuapp.javaSeleniumAutomationTest.testCases.ContextMenuTest" time="13.987" errors="0" timestamp="2023-05-12T17:23:59 BDT" skipped="0">
  <testcase classname="com.herokuapp.javaSeleniumAutomationTest.testCases.ContextMenuTest" name="contextMenu" time="13.987"/>
  <system-out/>
</testsuite> <!-- com.herokuapp.javaSeleniumAutomationTest.testCases.ContextMenuTest -->
